2026-03-19 02:59:29,534 INFO Monitoring: devops-container, nginx-container
2026-03-19 03:00:30,824 WARNING [ALERT] devops-container is down. Restarting...
2026-03-19 03:00:31,547 INFO [SUCCESS] devops-container restarted on attempt 1
2026-03-19 03:06:20,276 WARNING [ALERT] devops-container is down. Restarting...
2026-03-19 03:06:20,894 INFO [SUCCESS] devops-container restarted on attempt 1
2026-03-19 03:10:28,229 WARNING [ALERT] devops-container is down. Restarting...
2026-03-19 03:10:28,890 INFO [SUCCESS] devops-container restarted on attempt 1
2026-03-19 03:14:15,528 WARNING [ALERT] devops-container is down. Restarting...
2026-03-19 03:14:16,284 INFO [SUCCESS] devops-container restarted on attempt 1
2026-03-19 03:17:22,038 WARNING [ALERT] devops-container is down. Restarting...
2026-03-19 03:17:22,819 INFO [SUCCESS] devops-container restarted on attempt 1
2026-03-19 03:30:07,536 WARNING [ALERT] devops-container is down. Restarting...
2026-03-19 03:30:08,284 INFO [SUCCESS] devops-container restarted on attempt 1
2026-03-19 03:30:28,732 WARNING [ALERT] devops-container is down. Restarting...
2026-03-19 03:30:29,388 INFO [SUCCESS] devops-container restarted on attempt 1
2026-03-19 04:24:51,469 INFO Monitoring: devops-container, nginx-container
2026-03-19 04:25:12,649 WARNING [ALERT] devops-container is down. Restarting...
2026-03-19 04:25:13,437 INFO [SUCCESS] devops-container restarted on attempt 1
2026-03-19 04:25:55,138 WARNING [ALERT] devops-container is down. Restarting...
2026-03-19 04:25:55,886 INFO [SUCCESS] devops-container restarted on attempt 1
2026-03-19 04:28:42,158 WARNING [ALERT] devops-container is down. Restarting...
2026-03-19 04:28:42,835 INFO [SUCCESS] devops-container restarted on attempt 1
2026-03-19 04:32:17,332 INFO Monitoring: devops-container, nginx-container
2026-03-19 04:32:59,530 WARNING [ALERT] devops-container is down. Restarting...
2026-03-19 04:33:00,244 INFO [SUCCESS] devops-container restarted on attempt 1
2026-06-21 19:58:55,552 INFO Container-Pulse starting in [docker] mode
2026-06-21 19:59:04,044 INFO [Docker] Monitoring: devops-container, nginx-container
2026-06-21 20:14:31,212 WARNING [ALERT] devops-container is down. Restarting...
2026-06-21 20:14:37,857 WARNING [Email] Failed to send alert: (535, b'5.7.8 Username and Password not accepted. For more information, go to\n5.7.8  https://support.google.com/mail/?p=BadCredentials d2e1a72fcca58-84564e76a0bsm5819996b3a.36 - gsmtp')
2026-06-21 20:14:39,188 INFO [SUCCESS] devops-container restarted on attempt 1
2026-06-21 20:14:43,993 WARNING [Email] Failed to send alert: (535, b'5.7.8 Username and Password not accepted. For more information, go to\n5.7.8  https://support.google.com/mail/?p=BadCredentials 98e67ed59e1d1-37d1536a6ffsm8150094a91.4 - gsmtp')
2026-06-21 20:16:58,000 INFO Container-Pulse starting in [docker] mode
2026-06-21 20:16:59,154 INFO [Docker] Monitoring: devops-container, nginx-container
2026-06-21 20:16:59,727 WARNING [ALERT] devops-container is down. Restarting...
2026-06-21 20:17:05,370 WARNING [Email] Failed to send alert: (535, b'5.7.8 Username and Password not accepted. For more information, go to\n5.7.8  https://support.google.com/mail/?p=BadCredentials d9443c01a7336-2c7436afd4fsm57405205ad.8 - gsmtp')
2026-06-21 20:17:06,354 INFO [SUCCESS] devops-container restarted on attempt 1
2026-06-21 20:17:12,079 WARNING [Email] Failed to send alert: (535, b'5.7.8 Username and Password not accepted. For more information, go to\n5.7.8  https://support.google.com/mail/?p=BadCredentials d9443c01a7336-2c7439f85fesm55127415ad.46 - gsmtp')
2026-06-21 20:18:27,755 INFO Container-Pulse starting in [docker] mode
2026-06-21 20:18:30,150 INFO [Docker] Monitoring: devops-container, nginx-container
2026-06-21 20:18:53,683 WARNING [ALERT] devops-container is down. Restarting...
2026-06-21 20:19:00,435 INFO [SUCCESS] devops-container restarted on attempt 1
2026-06-21 20:28:21,250 WARNING [ALERT] devops-container is down. Restarting...
2026-06-21 20:28:29,086 INFO [SUCCESS] devops-container restarted on attempt 1
2026-06-21 20:28:56,492 WARNING [ALERT] devops-container is down. Restarting...
2026-06-21 20:29:02,233 INFO [SUCCESS] devops-container restarted on attempt 1
2026-06-21 20:29:30,274 WARNING [ALERT] devops-container is down. Restarting...
2026-06-21 20:29:36,286 INFO [SUCCESS] devops-container restarted on attempt 1
2026-06-21 20:30:03,270 WARNING [ALERT] devops-container is down. Restarting...
2026-06-21 20:30:09,929 INFO [SUCCESS] devops-container restarted on attempt 1
